<?xml version="1.0" encoding="UTF-8"?>
<testsuite name="MdRespostaWS.SeiMdRespostaSOAP TestSuite" tests="1" failures="0" errors="0" time="31.681"><properties><property name="soapui.properties" value="soapui.properties"/><property name="java.runtime.name" value="OpenJDK Runtime Environment"/><property name="sun.boot.library.path" value="/usr/lib/jvm/java-1.8-openjdk/jre/lib/amd64"/><property name="java.vm.version" value="25.111-b14"/><property name="soapui.ext.actions" value="/opt/SoapUI/bin/actions"/><property name="soapui.ext.libraries" value="/opt/SoapUI/bin/ext"/><property name="java.vm.vendor" value="Oracle Corporation"/><property name="java.vendor.url" value="http://java.oracle.com/"/><property name="path.separator" value=":"/><property name="java.vm.name" value="OpenJDK 64-Bit Server VM"/><property name="file.encoding.pkg" value="sun.io"/><property name="user.country" value="US"/><property name="sun.java.launcher" value="SUN_STANDARD"/><property name="sun.os.patch.level" value="unknown"/><property name="java.vm.specification.name" value="Java Virtual Machine Specification"/><property name="user.dir" value="/opt/SoapUI-5.2.1/bin"/><property name="java.runtime.version" value="1.8.0_111-internal-alpine-r0-b14"/><property name="java.awt.graphicsenv" value="sun.awt.X11GraphicsEnvironment"/><property name="java.endorsed.dirs" value="/usr/lib/jvm/java-1.8-openjdk/jre/lib/endorsed"/><property name="os.arch" value="amd64"/><property name="java.io.tmpdir" value="/tmp"/><property name="line.separator" value="
"/><property name="java.vm.specification.vendor" value="Oracle Corporation"/><property name="os.name" value="Linux"/><property name="sun.jnu.encoding" value="UTF-8"/><property name="java.library.path" value="/usr/lib/jvm/java-1.8-openjdk/jre/lib/amd64/server:/usr/lib/jvm/java-1.8-openjdk/jre/lib/amd64:/usr/lib/jvm/java-1.8-openjdk/jre/../lib/amd64:/usr/java/packages/lib/amd64:/usr/lib64:/lib64:/lib:/usr/lib"/><property name="soapui.home" value="/opt/SoapUI/bin"/><property name="java.specification.name" value="Java Platform API Specification"/><property name="java.class.version" value="52.0"/><property name="sun.management.compiler" value="HotSpot 64-Bit Tiered Compilers"/><property name="os.version" value="6.8.0-51-generic"/><property name="user.home" value="/root"/><property name="user.timezone" value="GMT"/><property name="java.awt.printerjob" value="sun.print.PSPrinterJob"/><property name="file.encoding" value="UTF-8"/><property name="java.specification.version" value="1.8"/><property name="java.class.path" value="/usr/lib/jvm/java-1.8-openjdk/jre/lib/jfxrt.jar:/opt/SoapUI/bin/soapui-5.2.1.jar:/opt/SoapUI/lib/cajo-1.142.jar:/opt/SoapUI/lib/reflections-0.9.9-RC1.jar:/opt/SoapUI/lib/xstream-1.3.1.jar:/opt/SoapUI/lib/looks-2.2.0.jar:/opt/SoapUI/lib/xbean-fixed-2.4.0.jar:/opt/SoapUI/lib/json-lib-2.2.2-jdk15.jar:/opt/SoapUI/lib/jdom-1.0.jar:/opt/SoapUI/lib/forms-1.0.7.jar:/opt/SoapUI/lib/xmlParserAPIs-2.6.2.jar:/opt/SoapUI/lib/commons-io-2.4.jar:/opt/SoapUI/lib/org.apache.oltu.oauth2.common-0.31.jar:/opt/SoapUI/lib/bcprov-jdk15-144.jar:/opt/SoapUI/lib/jcifs-1.2.9.jar:/opt/SoapUI/lib/httpcore-nio-4.1.1.jar:/opt/SoapUI/lib/xom-1.1.jar:/opt/SoapUI/lib/slf4j-api-1.6.1.jar:/opt/SoapUI/lib/wss4j-1.6.16.jar:/opt/SoapUI/lib/guava-14.0.jar:/opt/SoapUI/lib/rsyntaxtextarea-2.5.0.jar:/opt/SoapUI/lib/commons-logging-1.1.1.jar:/opt/SoapUI/lib/xml-apis-1.3.04.jar:/opt/SoapUI/lib/binding-2.0.1.jar:/opt/SoapUI/lib/hermes-1.14.jar:/opt/SoapUI/lib/l2fprod-common-directorychooser-7.3.jar:/opt/SoapUI/lib/mail-1.4.jar:/opt/SoapUI/lib/json-smart-1.2.jar:/opt/SoapUI/lib/l2fprod-common-fontchooser-7.3.jar:/opt/SoapUI/lib/hamcrest-core-1.3.jar:/opt/SoapUI/lib/httpcore-4.1.1.jar:/opt/SoapUI/lib/xml-apis-2.9.1.jar:/opt/SoapUI/lib/json-path-0.9.1.jar:/opt/SoapUI/lib/jetty-6.1.26.jar:/opt/SoapUI/lib/xercesImpl-2.9.1.jar:/opt/SoapUI/lib/openws-1.4.2-1.jar:/opt/SoapUI/lib/wsdl4j-1.6.2-fixed.jar:/opt/SoapUI/lib/saxon-dom-9.1.0.8j.jar:/opt/SoapUI/lib/org.apache.oltu.oauth2.httpclient4-0.31.jar:/opt/SoapUI/lib/jaxen-1.1-beta-8.jar:/opt/SoapUI/lib/httpmime-4.1.1.jar:/opt/SoapUI/lib/opensaml-2.5.1-1.jar:/opt/SoapUI/lib/flex-messaging-proxy-1.0.jar:/opt/SoapUI/lib/htmlunit-core-js-2.7.jar:/opt/SoapUI/lib/flex-messaging-core-1.0.jar:/opt/SoapUI/lib/commons-collections-3.2.1.jar:/opt/SoapUI/lib/jtidy-r872-jdk15.jar:/opt/SoapUI/lib/ezmorph-1.0.5.jar:/opt/SoapUI/lib/ws-commons-util-1.0.2.jar:/opt/SoapUI/lib/org.apache.oltu.oauth2.client-0.31.jar:/opt/SoapUI/lib/flex-messaging-remoting-1.0.jar:/opt/SoapUI/lib/commons-codec-1.3.jar:/opt/SoapUI/lib/jms-1.1.jar:/opt/SoapUI/lib/js-1.7R2.jar:/opt/SoapUI/lib/xmlsec-1.4.5.jar:/opt/SoapUI/lib/log4j-1.2.14.jar:/opt/SoapUI/lib/dom4j-1.6.1.jar:/opt/SoapUI/lib/commons-httpclient-3.1.jar:/opt/SoapUI/lib/xmlunit-1.2.jar:/opt/SoapUI/lib/commons-lang-2.4.jar:/opt/SoapUI/lib/activation-1.1.jar:/opt/SoapUI/lib/cssparser-0.9.5.jar:/opt/SoapUI/lib/junit-4.11.jar:/opt/SoapUI/lib/xmltooling-1.3.2-1.jar:/opt/SoapUI/lib/maven-plugin-api-2.0.jar:/opt/SoapUI/lib/xmlpublic-2.4.0.jar:/opt/SoapUI/lib/serializer-2.7.1.jar:/opt/SoapUI/lib/analytics-core-5.2.1.jar:/opt/SoapUI/lib/xalan-2.7.1.jar:/opt/SoapUI/lib/joda-time-1.6.2.jar:/opt/SoapUI/lib/out-app-analytics-provider-5.2.1.jar:/opt/SoapUI/lib/flex-messaging-common-1.0.jar:/opt/SoapUI/lib/i4jruntime-5.1.14.jar:/opt/SoapUI/lib/jettison-1.2.jar:/opt/SoapUI/lib/animal-sniffer-annotations-1.11.jar:/opt/SoapUI/lib/commons-beanutils-1.7.0.jar:/opt/SoapUI/lib/jsr173_api-1.0.jar:/opt/SoapUI/lib/proxy-vole-20131209.jar:/opt/SoapUI/lib/groovy-all-2.1.7.jar:/opt/SoapUI/lib/httpclient-4.1.1.jar:/opt/SoapUI/lib/commons-cli-1.2.jar:/opt/SoapUI/lib/javassist-3.16.1-GA.jar:/opt/SoapUI/lib/flex-messaging-opt-1.0.jar:/opt/SoapUI/lib/xbean_xpath-2.4.0.jar:/opt/SoapUI/lib/nekohtml-1.9.14.jar:/opt/SoapUI/lib/httpclient-cache-4.1.1.jar:/opt/SoapUI/lib/sac-1.3.jar:/opt/SoapUI/lib/not-yet-commons-ssl-0.3.11.jar:/opt/SoapUI/lib/swingx-soapui.jar:/opt/SoapUI/lib/jetty-util-6.1.26.jar:/opt/SoapUI/lib/saxon-9.1.0.8j.jar:/opt/SoapUI/lib/htmlunit-2.7.jar:/opt/SoapUI/lib/servlet-api-2.5-20081211.jar"/><property name="user.name" value="root"/><property name="soapui.ext.listeners" value="/opt/SoapUI/bin/listeners"/><property name="java.vm.specification.version" value="1.8"/><property name="sun.java.command" value="com.eviware.soapui.tools.SoapUITestCaseRunner -ehttp://localhost:8000/sei/modulos/mod-sei-resposta/ws/MdRespostaWS.php -sSeiMdRespostaSOAP TestSuite -r -j -f/opt/soapui/projects/testresult -I /opt/soapui/projects/MdRespostaWS-soapui-project.xml"/><property name="java.home" value="/usr/lib/jvm/java-1.8-openjdk/jre"/><property name="sun.arch.data.model" value="64"/><property name="user.language" value="en"/><property name="java.specification.vendor" value="Oracle Corporation"/><property name="awt.toolkit" value="sun.awt.X11.XToolkit"/><property name="java.vm.info" value="mixed mode"/><property name="java.version" value="1.8.0_111-internal"/><property name="java.ext.dirs" value="/usr/lib/jvm/java-1.8-openjdk/jre/lib/ext:/usr/java/packages/lib/ext"/><property name="sun.boot.class.path" value="/usr/lib/jvm/java-1.8-openjdk/jre/lib/resources.jar:/usr/lib/jvm/java-1.8-openjdk/jre/lib/rt.jar:/usr/lib/jvm/java-1.8-openjdk/jre/lib/sunrsasign.jar:/usr/lib/jvm/java-1.8-openjdk/jre/lib/jsse.jar:/usr/lib/jvm/java-1.8-openjdk/jre/lib/jce.jar:/usr/lib/jvm/java-1.8-openjdk/jre/lib/charsets.jar:/usr/lib/jvm/java-1.8-openjdk/jre/lib/jfr.jar:/usr/lib/jvm/java-1.8-openjdk/jre/classes"/><property name="java.vendor" value="Oracle Corporation"/><property name="file.separator" value="/"/><property name="java.vendor.url.bug" value="http://bugreport.sun.com/bugreport/"/><property name="sun.font.fontmanager" value="sun.awt.X11FontManager"/><property name="sun.io.unicode.encoding" value="UnicodeLittle"/><property name="sun.cpu.endian" value="little"/><property name="soapui.browser.disabled" value="true"/><property name="sun.cpu.isalist" value=""/></properties><testcase name="SeiMdRespostaSOAP TestSuite" time="31.681"/></testsuite>